2011-01-06 10:48:21,078 [1] INFO  PartCover.Browser.MainEntry [(null)] - search for features
2011-01-06 10:48:21,235 [1] INFO  PartCover.Browser.FeatureSeeker [(null)] - seek for features in PartCover.Browser, Version=2.3.0.36320, Culture=neutral, PublicKeyToken=null
2011-01-06 10:48:21,360 [1] INFO  PartCover.Browser.MainEntry [(null)] - register feature: PartCover.Browser.Features.BrowserFormFeature
2011-01-06 10:48:21,360 [1] INFO  PartCover.Browser.MainEntry [(null)] - register feature: PartCover.Browser.Features.FeatureViewCoverage
2011-01-06 10:48:21,360 [1] INFO  PartCover.Browser.MainEntry [(null)] - register feature: PartCover.Browser.Features.CoverageReportService
2011-01-06 10:53:41,982 [1] INFO  PartCover.Browser.MainEntry [(null)] - search for features
2011-01-06 10:53:42,002 [1] INFO  PartCover.Browser.FeatureSeeker [(null)] - seek for features in PartCover.Browser, Version=2.3.0.36320, Culture=neutral, PublicKeyToken=null
2011-01-06 10:53:42,015 [1] INFO  PartCover.Browser.MainEntry [(null)] - register feature: PartCover.Browser.Features.BrowserFormFeature
2011-01-06 10:53:42,015 [1] INFO  PartCover.Browser.MainEntry [(null)] - register feature: PartCover.Browser.Features.FeatureViewCoverage
2011-01-06 10:53:42,015 [1] INFO  PartCover.Browser.MainEntry [(null)] - register feature: PartCover.Browser.Features.CoverageReportService
2011-01-06 11:02:50,736 [1] INFO  PartCover.Browser.MainEntry [(null)] - search for features
2011-01-06 11:02:50,802 [1] INFO  PartCover.Browser.FeatureSeeker [(null)] - seek for features in PartCover.Browser, Version=2.3.0.36320, Culture=neutral, PublicKeyToken=null
2011-01-06 11:02:50,831 [1] INFO  PartCover.Browser.MainEntry [(null)] - register feature: PartCover.Browser.Features.BrowserFormFeature
2011-01-06 11:02:50,832 [1] INFO  PartCover.Browser.MainEntry [(null)] - register feature: PartCover.Browser.Features.FeatureViewCoverage
2011-01-06 11:02:50,832 [1] INFO  PartCover.Browser.MainEntry [(null)] - register feature: PartCover.Browser.Features.CoverageReportService
2011-01-07 15:14:02,659 [1] INFO  PartCover.Browser.MainEntry [(null)] - search for features
2011-01-07 15:14:03,836 [1] INFO  PartCover.Browser.FeatureSeeker [(null)] - seek for features in PartCover.Browser, Version=2.3.0.36320, Culture=neutral, PublicKeyToken=null
2011-01-07 15:14:04,110 [1] INFO  PartCover.Browser.MainEntry [(null)] - register feature: PartCover.Browser.Features.BrowserFormFeature
2011-01-07 15:14:04,111 [1] INFO  PartCover.Browser.MainEntry [(null)] - register feature: PartCover.Browser.Features.FeatureViewCoverage
2011-01-07 15:14:04,111 [1] INFO  PartCover.Browser.MainEntry [(null)] - register feature: PartCover.Browser.Features.CoverageReportService
